2020-12-18 21:56:41,104 - BesentTech.CallToAll.Logger.Logging -INFO - Driver Loadded Successfully
2020-12-18 21:56:42,713 - BesentTech.CallToAll.Logger.Logging -INFO - https://unwiredlearning.com/blog/selenium-interview-questions-pdf/ url launched successfully.
2020-12-18 21:57:13,221 - BesentTech.CallToAll.Logger.Logging -INFO - Driver Loadded Successfully
2020-12-18 21:57:15,304 - BesentTech.CallToAll.Logger.Logging -INFO - https://unwiredlearning.com/blog/selenium-interview-questions-pdf/ url launched successfully.
2020-12-18 21:59:06,714 - BesentTech.CallToAll.Logger.Logging -INFO - Driver Loadded Successfully
2020-12-18 21:59:09,309 - BesentTech.CallToAll.Logger.Logging -INFO - https://unwiredlearning.com/blog/selenium-interview-questions-pdf/ url launched successfully.
2020-12-18 21:59:15,382 - BesentTech.CallToAll.Logger.Logging -FATAL - Browser close successfully
2020-12-18 22:01:10,195 - BesentTech.CallToAll.Logger.Logging -INFO - Driver Loadded Successfully
2020-12-18 22:01:34,366 - BesentTech.CallToAll.Logger.Logging -INFO - https://unwiredlearning.com/blog/selenium-interview-questions-pdf/ url launched successfully.
2020-12-18 22:01:41,371 - BesentTech.CallToAll.Logger.Logging -FATAL - Browser close successfully
2020-12-18 22:02:03,846 - BesentTech.CallToAll.Logger.Logging -INFO - Driver Loadded Successfully
2020-12-18 22:02:06,554 - BesentTech.CallToAll.Logger.Logging -INFO - https://unwiredlearning.com/blog/selenium-interview-questions-pdf/ url launched successfully.
2020-12-18 22:02:12,945 - BesentTech.CallToAll.Logger.Logging -FATAL - Browser close successfully
2020-12-18 22:03:47,132 - BesentTech.CallToAll.Logger.Logging -INFO - Driver Loadded Successfully
2020-12-18 22:04:11,330 - BesentTech.CallToAll.Logger.Logging -INFO - https://unwiredlearning.com/blog/selenium-interview-questions-pdf/ url launched successfully.
2020-12-18 22:04:17,405 - BesentTech.CallToAll.Logger.Logging -FATAL - Browser close successfully
2020-12-18 22:04:49,767 - BesentTech.CallToAll.Logger.Logging -INFO - Driver Loadded Successfully
2020-12-18 22:05:16,400 - BesentTech.CallToAll.Logger.Logging -INFO - https://unwiredlearning.com/blog/selenium-interview-questions-pdf/ url launched successfully.
2020-12-18 22:05:22,579 - BesentTech.CallToAll.Logger.Logging -FATAL - Browser close successfully
2020-12-18 22:26:27,683 - BesentTech.CallToAll.Reporting.Logging -INFO - Driver Loadded Successfully
2020-12-18 22:26:30,444 - BesentTech.CallToAll.Reporting.Logging -INFO - https://unwiredlearning.com/blog/selenium-interview-questions-pdf/ url launched successfully.
2020-12-18 22:26:36,411 - BesentTech.CallToAll.Reporting.Logging -FATAL - Browser close successfully
2020-12-18 22:33:42,275 - BesentTech.CallToAll.Reporting.Logging -INFO - Driver Loadded Successfully
2020-12-18 22:33:44,845 - BesentTech.CallToAll.Reporting.Logging -INFO - https://unwiredlearning.com/blog/selenium-interview-questions-pdf/ url launched successfully.
2020-12-18 22:33:50,772 - BesentTech.CallToAll.Reporting.Logging -FATAL - Browser close successfully
